<?xml version="1.0" encoding="UTF-8"?>
<!-- Generated by org.testng.reporters.JUnitReportReporter -->
<testsuite skipped="0" hostname="rtsubhro-PC" name="org.raysrus.parameters.TestParameters" tests="2" failures="0" timestamp="2022-01-17T18:46:15 EST" time="0.019" errors="0">
  <testcase name="testTwo" time="0.004" classname="org.raysrus.parameters.TestParameters"/>
  <system-out/>
  <testcase name="testOne" time="0.015" classname="org.raysrus.parameters.TestParameters"/>
  <system-out/>
</testsuite> <!-- org.raysrus.parameters.TestParameters -->
