<?xml version="1.0" encoding="UTF-8"?>
<!-- Generated by org.testng.reporters.JUnitReportReporter -->
<testsuite skipped="0" hostname="rtsubhro-PC" name="org.raysrus.dataprovider.DataProviderScenarioTestExample" tests="3" failures="0" timestamp="2022-03-21T16:07:02 EDT" time="0.015" errors="0">
  <testcase name="scenario1" time="0.000" classname="org.raysrus.dataprovider.DataProviderScenarioTestExample"/>
  <system-out/>
  <testcase name="commonScenarios" time="0.015" classname="org.raysrus.dataprovider.DataProviderScenarioTestExample"/>
  <system-out/>
  <testcase name="scenario2" time="0.000" classname="org.raysrus.dataprovider.DataProviderScenarioTestExample"/>
  <system-out/>
</testsuite> <!-- org.raysrus.dataprovider.DataProviderScenarioTestExample -->
