<?xml version="1.0" encoding="UTF-8"?>
<!-- Generated by org.testng.reporters.JUnitReportReporter -->
<testsuite skipped="0" hostname="rtsubhro-PC" name="org.raysrus.parameters.TestParametersViaXmlFile" tests="2" failures="0" timestamp="2022-03-21T12:36:38 EDT" time="0.015" errors="0">
  <testcase name="testTwo" time="0.000" classname="org.raysrus.parameters.TestParametersViaXmlFile"/>
  <system-out/>
  <testcase name="testOne" time="0.015" classname="org.raysrus.parameters.TestParametersViaXmlFile"/>
  <system-out/>
</testsuite> <!-- org.raysrus.parameters.TestParametersViaXmlFile -->
