<?xml version="1.0" encoding="UTF-8"?>
<!-- Generated by org.testng.reporters.JUnitReportReporter -->
<testsuite skipped="0" hostname="rtsubhro-PC" name="org.raysrus.executionorder.AnnotationsTestNGUsage" tests="1" failures="0" timestamp="2022-03-21T12:37:29 EDT" time="0.016" errors="0">
  <testcase name="sampleTest" time="0.016" classname="org.raysrus.executionorder.AnnotationsTestNGUsage"/>
  <system-out/>
</testsuite> <!-- org.raysrus.executionorder.AnnotationsTestNGUsage -->
