<?xml version="1.0" encoding="UTF-8"?>
<!-- Generated by org.testng.reporters.JUnitReportReporter -->
<testsuite skipped="0" hostname="rtsubhro-PC" name="org.raysrus.SampleTest" tests="1" failures="0" timestamp="2022-03-21T12:07:07 EDT" time="0.011" errors="0">
  <testcase name="sampleTestMethod" time="0.011" classname="org.raysrus.SampleTest"/>
  <system-out/>
</testsuite> <!-- org.raysrus.SampleTest -->
