<?xml version="1.0" encoding="UTF-8"?>
<!-- Generated by org.testng.reporters.JUnitReportReporter -->
<testsuite skipped="0" hostname="rtsubhro-PC" name="org.raysrus.testgrouping.TestCaseGrouping" tests="2" failures="0" timestamp="2022-03-21T12:59:56 EDT" time="0.039" errors="0">
  <testcase name="testOne" time="0.023" classname="org.raysrus.testgrouping.TestCaseGrouping"/>
  <system-out/>
  <testcase name="testThree" time="0.016" classname="org.raysrus.testgrouping.TestCaseGrouping"/>
  <system-out/>
</testsuite> <!-- org.raysrus.testgrouping.TestCaseGrouping -->
