<?xml version="1.0" encoding="UTF-8"?>
<!-- Generated by org.testng.reporters.JUnitReportReporter -->
<testsuite skipped="0" hostname="rtsubhro-PC" name="org.raysrus.dataprovider.DataProviderAcceptanceTestExample" tests="1" failures="0" timestamp="2022-03-21T16:07:02 EDT" time="0.016" errors="0">
  <testcase name="acceptanceTest" time="0.016" classname="org.raysrus.dataprovider.DataProviderAcceptanceTestExample"/>
  <system-out/>
</testsuite> <!-- org.raysrus.dataprovider.DataProviderAcceptanceTestExample -->
