<?xml version="1.0" encoding="UTF-8"?>
<!-- Generated by org.testng.reporters.JUnitReportReporter -->
<testsuite skipped="0" hostname="rtsubhro-PC" name="org.raysrus.FacebookProfileTest" tests="2" failures="0" timestamp="2022-01-18T01:26:26 EST" time="0.009" errors="0">
  <testcase name="checkProfileLink" time="0.004" classname="org.raysrus.FacebookProfileTest"/>
  <system-out/>
  <testcase name="checkProfileLogo" time="0.005" classname="org.raysrus.FacebookProfileTest"/>
  <system-out/>
</testsuite> <!-- org.raysrus.FacebookProfileTest -->
