<?xml version="1.0" encoding="UTF-8"?>
<!-- Generated by org.testng.reporters.JUnitReportReporter -->
<testsuite skipped="2" hostname="rtsubhro-PC" name="org.raysrus.SkippingTestsExample" tests="4" failures="0" timestamp="2022-03-21T12:08:35 EDT" time="0.023" errors="0">
  <testcase name="testFour" time="0.013" classname="org.raysrus.SkippingTestsExample"/>
  <system-out/>
  <testcase name="testOne" time="0.002" classname="org.raysrus.SkippingTestsExample"/>
  <system-out/>
  <testcase name="testThree" time="0.008" classname="org.raysrus.SkippingTestsExample">
    <skipped/>
  </testcase> <!-- testThree -->
  <system-out/>
  <testcase name="testTwo" classname="org.raysrus.SkippingTestsExample">
    <skipped/>
  </testcase> <!-- testTwo -->
  <system-out/>
</testsuite> <!-- org.raysrus.SkippingTestsExample -->
