<?xml version="1.0" encoding="UTF-8"?>
<!-- Generated by org.testng.reporters.JUnitReportReporter -->
<testsuite skipped="0" hostname="rtsubhro-PC" name="org.raysrus.PriorityOfTestsExample" tests="4" failures="0" timestamp="2022-03-21T12:00:37 EDT" time="0.041" errors="0">
  <testcase name="testOne" time="0.034" classname="org.raysrus.PriorityOfTestsExample"/>
  <system-out/>
  <testcase name="testTwo" time="0.003" classname="org.raysrus.PriorityOfTestsExample"/>
  <system-out/>
  <testcase name="testThree" time="0.002" classname="org.raysrus.PriorityOfTestsExample"/>
  <system-out/>
  <testcase name="testFour" time="0.002" classname="org.raysrus.PriorityOfTestsExample"/>
  <system-out/>
</testsuite> <!-- org.raysrus.PriorityOfTestsExample -->
