<?xml version="1.0" encoding="UTF-8"?>
<!-- Generated by org.testng.reporters.JUnitReportReporter -->
<testsuite skipped="0" hostname="rtsubhro-PC" name="org.raysrus.FacebookLogin" tests="3" failures="0" timestamp="2022-01-18T01:26:26 EST" time="0.014" errors="0">
  <testcase name="loginWithInvalidUserName" time="0.003" classname="org.raysrus.FacebookLogin"/>
  <system-out/>
  <testcase name="loginWithValidCredentials" time="0.003" classname="org.raysrus.FacebookLogin"/>
  <system-out/>
  <testcase name="loginWithInvalidCredentials" time="0.008" classname="org.raysrus.FacebookLogin"/>
  <system-out/>
</testsuite> <!-- org.raysrus.FacebookLogin -->
